<?xml version="1.0" encoding="UTF-8"?>
<!-- Generated by org.testng.reporters.JUnitReportReporter -->
<testsuite skipped="0" hostname="HDC3-L-FGPJ0N2" name="mavenproject.Mavenjava.appium" tests="2" failures="0" timestamp="23 Jun 2020 16:42:02 GMT" time="0.018" errors="0">
  <testcase name="batch" time="0.016" classname="mavenproject.Mavenjava.appium"/>
  <testcase name="run" time="0.002" classname="mavenproject.Mavenjava.appium"/>
</testsuite> <!-- mavenproject.Mavenjava.appium -->
