<?xml version="1.0" encoding="UTF-8"?>
<!-- Generated by org.testng.reporters.JUnitReportReporter -->
<testsuite skipped="0" hostname="HDC3-L-FGPJ0N2" name="mavenproject.Mavenjava.Seleniumtest" tests="2" failures="0" timestamp="23 Jun 2020 16:41:50 GMT" time="0.014" errors="0">
  <testcase name="login" time="0.013" classname="mavenproject.Mavenjava.Seleniumtest"/>
  <testcase name="logout" time="0.001" classname="mavenproject.Mavenjava.Seleniumtest"/>
</testsuite> <!-- mavenproject.Mavenjava.Seleniumtest -->
