<?xml version="1.0" encoding="UTF-8"?>
<!-- Generated by org.testng.reporters.JUnitReportReporter -->
<testsuite skipped="0" hostname="HDC3-L-FGPJ0N2" name="mavenproject.Mavenjava.AppiumTest" tests="2" failures="0" timestamp="2020-06-23T22:38:42 IST" time="0.002" errors="0">
  <testcase name="batch" time="0.001" classname="mavenproject.Mavenjava.AppiumTest"/>
  <system-out/>
  <testcase name="run" time="0.001" classname="mavenproject.Mavenjava.AppiumTest"/>
  <system-out/>
</testsuite> <!-- mavenproject.Mavenjava.AppiumTest -->
