<?xml version="1.0" encoding="UTF-8"?>
<!-- Generated by org.testng.reporters.JUnitReportReporter -->
<testsuite skipped="0" hostname="HDC3-L-FGPJ0N2" name="mavenproject.Mavenjava.SeleniumTest" tests="2" failures="0" timestamp="2020-06-23T22:38:42 IST" time="0.009" errors="0">
  <testcase name="purchase" time="0.009" classname="mavenproject.Mavenjava.SeleniumTest"/>
  <system-out/>
  <testcase name="rights" time="0.000" classname="mavenproject.Mavenjava.SeleniumTest"/>
  <system-out/>
</testsuite> <!-- mavenproject.Mavenjava.SeleniumTest -->
